<?xml version="1.0" encoding="UTF-8"?>
<!-- Generated by org.testng.reporters.JUnitXMLReporter -->
<testsuite ignored="0" hostname="LAPTOP-VKBHV4LJ" failures="0" tests="10" name="Default test" time="4.175" errors="0" timestamp="2024-10-09T16:20:00 GST">
  <testcase classname="api.tests.endtoendtest" name="TestCase1_addnewdevice_POST" time="2.819"/>
  <testcase classname="api.tests.endtoendtest" name="Testcase2_ValidateStatusCode" time="0.006"/>
  <testcase classname="api.tests.endtoendtest" name="Testcase3_ResponseBody_Validatename" time="0.652"/>
  <testcase classname="api.tests.endtoendtest" name="Testcase4_ResponseBody_Validateyear" time="0.086"/>
  <testcase classname="api.tests.endtoendtest" name="Testcase5_ResponseBody_Validateprice" time="0.083"/>
  <testcase classname="api.tests.endtoendtest" name="Testcase6_ResponseBody_Validatecpumodel" time="0.016"/>
  <testcase classname="api.tests.endtoendtest" name="Testcase7_ResponseBody_Validateharddisksize" time="0.002"/>
  <testcase classname="api.tests.endtoendtest" name="Testcase8_ResponseBody_ValidateidisNotNull" time="0.02"/>
  <testcase classname="api.tests.endtoendtest" name="Testcase9_ResponseBody_ValidateCreateAtisNotNull" time="0.029"/>
  <testcase classname="api.tests.endtoendtest" name="Testcase10_ResponseBody_ValidateSchema" time="0.345"/>
</testsuite> <!-- Default test -->
