<?xml version="1.0" encoding="UTF-8"?>
<!-- Generated by org.testng.reporters.JUnitXMLReporter -->
<testsuite ignored="0" hostname="LAPTOP-VKBHV4LJ" failures="0" tests="4" name="Test" time="8.551" errors="0" timestamp="2024-09-24T16:38:11 GST">
  <testcase classname="api.tests.endtoendtest" name="Testcase_1" time="2.992"/>
  <testcase classname="api.tests.endtoendtest" name="Testcase_2" time="1.063"/>
  <testcase classname="api.tests.endtoendtest" name="Testcase_3" time="2.186"/>
  <testcase classname="api.tests.endtoendtest" name="Testcase_4" time="2.1"/>
</testsuite> <!-- Test -->
