<?xml version="1.0" encoding="UTF-8"?>
<testng-results ignored="0" total="4" passed="4" failed="0" skipped="0">
  <reporter-output>
  </reporter-output>
  <suite started-at="2024-09-24T16:38:02 GST" name="Suite" finished-at="2024-09-24T16:38:11 GST" duration-ms="8551">
    <groups>
    </groups>
    <test started-at="2024-09-24T16:38:02 GST" name="Test" finished-at="2024-09-24T16:38:11 GST" duration-ms="8551">
      <class name="api.tests.endtoendtest">
        <test-method is-config="true" signature="set_payload1()[pri:0, instance:api.tests.endtoendtest@1afd44cb]" started-at="2024-09-24T16:38:02 GST" name="set_payload1" finished-at="2024-09-24T16:38:02 GST" duration-ms="173" status="PASS">
          <reporter-output>
          </reporter-output>
        </test-method> <!-- set_payload1 -->
        <test-method signature="Testcase_1()[pri:1, instance:api.tests.endtoendtest@1afd44cb]" started-at="2024-09-24T16:38:02 GST" name="Testcase_1" finished-at="2024-09-24T16:38:05 GST" duration-ms="2992" status="PASS">
          <reporter-output>
          </reporter-output>
        </test-method> <!-- Testcase_1 -->
        <test-method signature="Testcase_2()[pri:2, instance:api.tests.endtoendtest@1afd44cb]" started-at="2024-09-24T16:38:05 GST" name="Testcase_2" finished-at="2024-09-24T16:38:06 GST" duration-ms="1063" status="PASS">
          <reporter-output>
          </reporter-output>
        </test-method> <!-- Testcase_2 -->
        <test-method signature="Testcase_3()[pri:3, instance:api.tests.endtoendtest@1afd44cb]" started-at="2024-09-24T16:38:06 GST" name="Testcase_3" finished-at="2024-09-24T16:38:09 GST" duration-ms="2186" status="PASS">
          <reporter-output>
          </reporter-output>
        </test-method> <!-- Testcase_3 -->
        <test-method signature="Testcase_4()[pri:4, instance:api.tests.endtoendtest@1afd44cb]" started-at="2024-09-24T16:38:09 GST" name="Testcase_4" finished-at="2024-09-24T16:38:11 GST" duration-ms="2100" status="PASS">
          <reporter-output>
          </reporter-output>
        </test-method> <!-- Testcase_4 -->
      </class> <!-- api.tests.endtoendtest -->
    </test> <!-- Test -->
  </suite> <!-- Suite -->
</testng-results>
