<?xml version="1.0" encoding="UTF-8"?>
<testng-results ignored="0" total="10" passed="10" failed="0" skipped="0">
  <reporter-output>
  </reporter-output>
  <suite started-at="2024-10-09T16:32:23 GST" name="Suite" finished-at="2024-10-09T16:32:27 GST" duration-ms="4071">
    <groups>
    </groups>
    <test started-at="2024-10-09T16:32:23 GST" name="Test" finished-at="2024-10-09T16:32:27 GST" duration-ms="4071">
      <class name="api.tests.endtoendtest">
        <test-method is-config="true" signature="set_payload()[pri:0, instance:api.tests.endtoendtest@17f9d882]" started-at="2024-10-09T16:32:23 GST" name="set_payload" finished-at="2024-10-09T16:32:23 GST" duration-ms="13" status="PASS">
          <reporter-output>
          </reporter-output>
        </test-method> <!-- set_payload -->
        <test-method signature="TestCase1_addnewdevice_POST()[pri:1, instance:api.tests.endtoendtest@17f9d882]" started-at="2024-10-09T16:32:23 GST" name="TestCase1_addnewdevice_POST" finished-at="2024-10-09T16:32:26 GST" duration-ms="2629" status="PASS">
          <reporter-output>
          </reporter-output>
        </test-method> <!-- TestCase1_addnewdevice_POST -->
        <test-method signature="Testcase2_ValidateStatusCode()[pri:2, instance:api.tests.endtoendtest@17f9d882]" started-at="2024-10-09T16:32:26 GST" name="Testcase2_ValidateStatusCode" finished-at="2024-10-09T16:32:26 GST" duration-ms="4" status="PASS">
          <reporter-output>
          </reporter-output>
        </test-method> <!-- Testcase2_ValidateStatusCode -->
        <test-method signature="Testcase3_ResponseBody_Validatename()[pri:3, instance:api.tests.endtoendtest@17f9d882]" started-at="2024-10-09T16:32:26 GST" name="Testcase3_ResponseBody_Validatename" finished-at="2024-10-09T16:32:26 GST" duration-ms="648" status="PASS">
          <reporter-output>
          </reporter-output>
        </test-method> <!-- Testcase3_ResponseBody_Validatename -->
        <test-method signature="Testcase4_ResponseBody_Validateyear()[pri:4, instance:api.tests.endtoendtest@17f9d882]" started-at="2024-10-09T16:32:26 GST" name="Testcase4_ResponseBody_Validateyear" finished-at="2024-10-09T16:32:26 GST" duration-ms="117" status="PASS">
          <reporter-output>
          </reporter-output>
        </test-method> <!-- Testcase4_ResponseBody_Validateyear -->
        <test-method signature="Testcase5_ResponseBody_Validateprice()[pri:5, instance:api.tests.endtoendtest@17f9d882]" started-at="2024-10-09T16:32:26 GST" name="Testcase5_ResponseBody_Validateprice" finished-at="2024-10-09T16:32:26 GST" duration-ms="64" status="PASS">
          <reporter-output>
          </reporter-output>
        </test-method> <!-- Testcase5_ResponseBody_Validateprice -->
        <test-method signature="Testcase6_ResponseBody_Validatecpumodel()[pri:6, instance:api.tests.endtoendtest@17f9d882]" started-at="2024-10-09T16:32:26 GST" name="Testcase6_ResponseBody_Validatecpumodel" finished-at="2024-10-09T16:32:26 GST" duration-ms="7" status="PASS">
          <reporter-output>
          </reporter-output>
        </test-method> <!-- Testcase6_ResponseBody_Validatecpumodel -->
        <test-method signature="Testcase7_ResponseBody_Validateharddisksize()[pri:7, instance:api.tests.endtoendtest@17f9d882]" started-at="2024-10-09T16:32:26 GST" name="Testcase7_ResponseBody_Validateharddisksize" finished-at="2024-10-09T16:32:26 GST" duration-ms="6" status="PASS">
          <reporter-output>
          </reporter-output>
        </test-method> <!-- Testcase7_ResponseBody_Validateharddisksize -->
        <test-method signature="Testcase8_ResponseBody_ValidateidisNotNull()[pri:8, instance:api.tests.endtoendtest@17f9d882]" started-at="2024-10-09T16:32:26 GST" name="Testcase8_ResponseBody_ValidateidisNotNull" finished-at="2024-10-09T16:32:26 GST" duration-ms="21" status="PASS">
          <reporter-output>
          </reporter-output>
        </test-method> <!-- Testcase8_ResponseBody_ValidateidisNotNull -->
        <test-method signature="Testcase9_ResponseBody_ValidateCreateAtisNotNull()[pri:9, instance:api.tests.endtoendtest@17f9d882]" started-at="2024-10-09T16:32:26 GST" name="Testcase9_ResponseBody_ValidateCreateAtisNotNull" finished-at="2024-10-09T16:32:27 GST" duration-ms="24" status="PASS">
          <reporter-output>
          </reporter-output>
        </test-method> <!-- Testcase9_ResponseBody_ValidateCreateAtisNotNull -->
        <test-method signature="Testcase10_ResponseBody_ValidateSchema()[pri:10, instance:api.tests.endtoendtest@17f9d882]" started-at="2024-10-09T16:32:27 GST" name="Testcase10_ResponseBody_ValidateSchema" finished-at="2024-10-09T16:32:27 GST" duration-ms="217" status="PASS">
          <reporter-output>
          </reporter-output>
        </test-method> <!-- Testcase10_ResponseBody_ValidateSchema -->
      </class> <!-- api.tests.endtoendtest -->
    </test> <!-- Test -->
  </suite> <!-- Suite -->
</testng-results>
